<?xml version="1.0" encoding="UTF-8"?>
<testsuite name="com.training.springcore.BigCorpApplicationTest" tests="1" skipped="0" failures="1" errors="0" timestamp="2019-03-11T12:45:50" hostname="DESKTOP-M9GIHF6" time="1.183">
  <properties/>
  <testcase name="run" classname="com.training.springcore.BigCorpApplicationTest" time="1.183">
    <failure message="java.lang.AssertionError: &#10;Expected: a string containing &quot;Application [BigCorp application (dev)] - version : 1&quot;&#10;     but: was &quot;mars 11, 2019 1:45:50 PM org.springframework.context.support.AbstractApplicationContext prepareRefresh&#13;&#10;INFOS: Refreshing org.springframework.context.annotation.AnnotationConfigApplicationContext@69b5866e: startup date [Mon Mar 11 13:45:50 CET 2019]; root of context hierarchy&#13;&#10;Init SiteServiceImpl :com.training.springcore.service.SiteServiceImpl@55d21fc0&#13;&#10;ApplicationInfo{name='BigCorp application (dev)', version=1, emails=[contact@bigcorp.com, test@bigcorp.com], webSiteUrl='https://bigcorp.com'}&#10;&#13;&#10;Appel de findById :com.training.springcore.service.SiteServiceImpl@55d21fc0&#13;&#10;Site{id='siteA', name='Florange', captors=[Captor{id='b6789b04-0dd1-425c-bf49-5fb138742322', name='Capteur A'}]}&#13;&#10;Appel de findById :com.training.springcore.service.SiteServiceImpl@55d21fc0&#13;&#10;Site{id='siteA', name='Florange', captors=[Captor{id='0572905a-bdf0-4f46-a1e4-81146dbefc2a', name='Capteur A'}]}&#13;&#10;&quot;" type="java.lang.AssertionError">java.lang.AssertionError: 
Expected: a string containing &quot;Application [BigCorp application (dev)] - version : 1&quot;
     but: was &quot;mars 11, 2019 1:45:50 PM org.springframework.context.support.AbstractApplicationContext prepareRefresh
INFOS: Refreshing org.springframework.context.annotation.AnnotationConfigApplicationContext@69b5866e: startup date [Mon Mar 11 13:45:50 CET 2019]; root of context hierarchy
Init SiteServiceImpl :com.training.springcore.service.SiteServiceImpl@55d21fc0
ApplicationInfo{name='BigCorp application (dev)', version=1, emails=[contact@bigcorp.com, test@bigcorp.com], webSiteUrl='https://bigcorp.com'}

Appel de findById :com.training.springcore.service.SiteServiceImpl@55d21fc0
Site{id='siteA', name='Florange', captors=[Captor{id='b6789b04-0dd1-425c-bf49-5fb138742322', name='Capteur A'}]}
Appel de findById :com.training.springcore.service.SiteServiceImpl@55d21fc0
Site{id='siteA', name='Florange', captors=[Captor{id='0572905a-bdf0-4f46-a1e4-81146dbefc2a', name='Capteur A'}]}
&quot;
	at org.hamcrest.MatcherAssert.assertThat(MatcherAssert.java:20)
	at org.junit.Assert.assertThat(Assert.java:956)
	at org.junit.Assert.assertThat(Assert.java:923)
	at com.training.springcore.BigCorpApplicationTest.run(BigCorpApplicationTest.java:20)
	at sun.reflect.NativeMethodAccessorImpl.invoke0(Native Method)
	at sun.reflect.NativeMethodAccessorImpl.invoke(NativeMethodAccessorImpl.java:62)
	at sun.reflect.DelegatingMethodAccessorImpl.invoke(DelegatingMethodAccessorImpl.java:43)
	at java.lang.reflect.Method.invoke(Method.java:498)
	at org.junit.runners.model.FrameworkMethod$1.runReflectiveCall(FrameworkMethod.java:50)
	at org.junit.internal.runners.model.ReflectiveCallable.run(ReflectiveCallable.java:12)
	at org.junit.runners.model.FrameworkMethod.invokeExplosively(FrameworkMethod.java:47)
	at org.junit.internal.runners.statements.InvokeMethod.evaluate(InvokeMethod.java:17)
	at com.training.springcore.utils.OutputCapture$1.evaluate(OutputCapture.java:39)
	at org.junit.rules.RunRules.evaluate(RunRules.java:20)
	at org.junit.runners.ParentRunner.runLeaf(ParentRunner.java:325)
	at org.junit.runners.BlockJUnit4ClassRunner.runChild(BlockJUnit4ClassRunner.java:78)
	at org.junit.runners.BlockJUnit4ClassRunner.runChild(BlockJUnit4ClassRunner.java:57)
	at org.junit.runners.ParentRunner$3.run(ParentRunner.java:290)
	at org.junit.runners.ParentRunner$1.schedule(ParentRunner.java:71)
	at org.junit.runners.ParentRunner.runChildren(ParentRunner.java:288)
	at org.junit.runners.ParentRunner.access$000(ParentRunner.java:58)
	at org.junit.runners.ParentRunner$2.evaluate(ParentRunner.java:268)
	at org.junit.runners.ParentRunner.run(ParentRunner.java:363)
	at org.gradle.api.internal.tasks.testing.junit.JUnitTestClassExecutor.runTestClass(JUnitTestClassExecutor.java:110)
	at org.gradle.api.internal.tasks.testing.junit.JUnitTestClassExecutor.execute(JUnitTestClassExecutor.java:58)
	at org.gradle.api.internal.tasks.testing.junit.JUnitTestClassExecutor.execute(JUnitTestClassExecutor.java:38)
	at org.gradle.api.internal.tasks.testing.junit.AbstractJUnitTestClassProcessor.processTestClass(AbstractJUnitTestClassProcessor.java:62)
	at org.gradle.api.internal.tasks.testing.SuiteTestClassProcessor.processTestClass(SuiteTestClassProcessor.java:51)
	at sun.reflect.NativeMethodAccessorImpl.invoke0(Native Method)
	at sun.reflect.NativeMethodAccessorImpl.invoke(NativeMethodAccessorImpl.java:62)
	at sun.reflect.DelegatingMethodAccessorImpl.invoke(DelegatingMethodAccessorImpl.java:43)
	at java.lang.reflect.Method.invoke(Method.java:498)
	at org.gradle.internal.dispatch.ReflectionDispatch.dispatch(ReflectionDispatch.java:35)
	at org.gradle.internal.dispatch.ReflectionDispatch.dispatch(ReflectionDispatch.java:24)
	at org.gradle.internal.dispatch.ContextClassLoaderDispatch.dispatch(ContextClassLoaderDispatch.java:32)
	at org.gradle.internal.dispatch.ProxyDispatchAdapter$DispatchingInvocationHandler.invoke(ProxyDispatchAdapter.java:93)
	at com.sun.proxy.$Proxy2.processTestClass(Unknown Source)
	at org.gradle.api.internal.tasks.testing.worker.TestWorker.processTestClass(TestWorker.java:118)
	at sun.reflect.NativeMethodAccessorImpl.invoke0(Native Method)
	at sun.reflect.NativeMethodAccessorImpl.invoke(NativeMethodAccessorImpl.java:62)
	at sun.reflect.DelegatingMethodAccessorImpl.invoke(DelegatingMethodAccessorImpl.java:43)
	at java.lang.reflect.Method.invoke(Method.java:498)
	at org.gradle.internal.dispatch.ReflectionDispatch.dispatch(ReflectionDispatch.java:35)
	at org.gradle.internal.dispatch.ReflectionDispatch.dispatch(ReflectionDispatch.java:24)
	at org.gradle.internal.remote.internal.hub.MessageHubBackedObjectConnection$DispatchWrapper.dispatch(MessageHubBackedObjectConnection.java:175)
	at org.gradle.internal.remote.internal.hub.MessageHubBackedObjectConnection$DispatchWrapper.dispatch(MessageHubBackedObjectConnection.java:157)
	at org.gradle.internal.remote.internal.hub.MessageHub$Handler.run(MessageHub.java:404)
	at org.gradle.internal.concurrent.ExecutorPolicy$CatchAndRecordFailures.onExecute(ExecutorPolicy.java:63)
	at org.gradle.internal.concurrent.ManagedExecutorImpl$1.run(ManagedExecutorImpl.java:46)
	at java.util.concurrent.ThreadPoolExecutor.runWorker(ThreadPoolExecutor.java:1149)
	at java.util.concurrent.ThreadPoolExecutor$Worker.run(ThreadPoolExecutor.java:624)
	at org.gradle.internal.concurrent.ThreadFactoryImpl$ManagedThreadRunnable.run(ThreadFactoryImpl.java:55)
	at java.lang.Thread.run(Thread.java:748)
</failure>
  </testcase>
  <system-out><![CDATA[Init SiteServiceImpl :com.training.springcore.service.SiteServiceImpl@55d21fc0
ApplicationInfo{name='BigCorp application (dev)', version=1, emails=[contact@bigcorp.com, test@bigcorp.com], webSiteUrl='https://bigcorp.com'}

Appel de findById :com.training.springcore.service.SiteServiceImpl@55d21fc0
Site{id='siteA', name='Florange', captors=[Captor{id='b6789b04-0dd1-425c-bf49-5fb138742322', name='Capteur A'}]}
Appel de findById :com.training.springcore.service.SiteServiceImpl@55d21fc0
Site{id='siteA', name='Florange', captors=[Captor{id='0572905a-bdf0-4f46-a1e4-81146dbefc2a', name='Capteur A'}]}
]]></system-out>
  <system-err><![CDATA[mars 11, 2019 1:45:50 PM org.springframework.context.support.AbstractApplicationContext prepareRefresh
INFOS: Refreshing org.springframework.context.annotation.AnnotationConfigApplicationContext@69b5866e: startup date [Mon Mar 11 13:45:50 CET 2019]; root of context hierarchy
]]></system-err>
</testsuite>
